Building DAG of jobs...
Provided cores: 1 (use --cores to define parallelism)
Rules claiming more threads will be scaled down.
Job stats:
job             count    min threads    max threads
------------  -------  -------------  -------------
all                 1              1              1
count_words         4              1              1
make_archive        1              1              1
make_plot           4              1              1
zipf_test           1              1              1
total              11              1              1

Select jobs to execute...

[Tue Sep 27 10:28:30 2022]
rule count_words:
    input: source/wordcount.py, data/last.txt
    output: processed_data/last.dat
    log: processed_data/last.log
    jobid: 7
    wildcards: file=last
    resources: tmpdir=C:\Users\a002209\AppData\Local\Temp

[Tue Sep 27 10:28:30 2022]
Error in rule count_words:
    jobid: 7
    output: processed_data/last.dat
    log: processed_data/last.log (check log file(s) for error message)
    shell:
        
            python source/wordcount.py data/last.txt processed_data/last.dat >> processed_data/last.log 2>&1
        
        (one of the commands exited with non-zero exit code; note that snakemake uses bash strict mode!)

Shutting down, this might take some time.
Exiting because a job execution failed. Look above for error message
Complete log: \\winfs\data\prod\Enloss_Drift\Arbetskatalog\Josefina\egenkod\code_refinery_reproducible_research\test\word-count\.snakemake\log\2022-09-27T102827.249121.snakemake.log
